<?xml version="1.0" encoding="UTF-8"?>
<testsuite name="PatientTest" tests="4" skipped="0" failures="0" errors="0" timestamp="2016-05-03T20:25:28" hostname="epicodus-79.local" time="0.001">
  <properties/>
  <testcase name="Patient_returnsDoctorID_1" classname="PatientTest" time="0.001"/>
  <testcase name="Patient_returnsBirthdate_birthdateString" classname="PatientTest" time="0.0"/>
  <testcase name="Patient_returnsName_Luca" classname="PatientTest" time="0.0"/>
  <testcase name="Patient_instantiatesCorrectly_true" classname="PatientTest" time="0.0"/>
  <system-out><![CDATA[]]></system-out>
  <system-err><![CDATA[]]></system-err>
</testsuite>
