<?xml version="1.0" encoding="UTF-8"?>
<testsuite name="DoctorTest" tests="1" skipped="0" failures="0" errors="0" timestamp="2016-05-03T18:46:49" hostname="epicodus-79.local" time="0.001">
  <properties/>
  <testcase name="Doctor_instantiatesCorrectly_true" classname="DoctorTest" time="0.001"/>
  <system-out><![CDATA[]]></system-out>
  <system-err><![CDATA[]]></system-err>
</testsuite>
