<?xml version="1.0" encoding="UTF-8"?>
<testsuite name="DoctorTest" tests="2" skipped="0" failures="0" errors="0" timestamp="2016-05-03T23:33:17" hostname="epicodus-79.local" time="0.085">
  <properties/>
  <testcase name="Doctor_instantiatesCorrectly_true" classname="DoctorTest" time="0.08"/>
  <testcase name="Doctor_instantiatesWithNameAndSpecialty_String" classname="DoctorTest" time="0.005"/>
  <system-out><![CDATA[]]></system-out>
  <system-err><![CDATA[]]></system-err>
</testsuite>
